<?xml version="1.0" encoding="UTF-8"?>
<!-- Generated by org.testng.reporters.JUnitReportReporter -->
<testsuite skipped="0" hostname="DESKTOP-FK8VD7I" name="learnPageObjectModel.LoginWithoutFindBy" tests="1" failures="0" timestamp="05 Aug 2023 15:39:00 GMT" time="8.367" errors="0">
  <testcase name="login" time="8.367" classname="learnPageObjectModel.LoginWithoutFindBy"/>
</testsuite> <!-- learnPageObjectModel.LoginWithoutFindBy -->
