<?xml version="1.0" encoding="UTF-8"?>
<!-- Generated by org.testng.reporters.JUnitReportReporter -->
<testsuite skipped="0" hostname="DESKTOP-FK8VD7I" name="testCases.LoginTestCase" tests="1" failures="0" timestamp="05 Aug 2023 14:54:51 GMT" time="19.750" errors="0">
  <testcase name="loginTestCase" time="19.750" classname="testCases.LoginTestCase"/>
</testsuite> <!-- testCases.LoginTestCase -->
