<?xml version="1.0" encoding="UTF-8"?>
<!-- Generated by org.testng.reporters.JUnitReportReporter -->
<testsuite skipped="0" hostname="DESKTOP-FK8VD7I" name="utils.LoginUsingJXL" tests="4" failures="0" timestamp="04 Aug 2023 17:01:34 GMT" time="34.246" errors="0">
  <testcase name="login" time="7.322" classname="utils.LoginUsingJXL"/>
  <testcase name="login" time="11.972" classname="utils.LoginUsingJXL"/>
  <testcase name="login" time="7.087" classname="utils.LoginUsingJXL"/>
  <testcase name="login" time="7.865" classname="utils.LoginUsingJXL"/>
</testsuite> <!-- utils.LoginUsingJXL -->
